C:\Users\josh.anderson\Projects\PTG\ros\python\install\Lib\site-packages\py_pubsub\publisher_member_function.py
C:\Users\josh.anderson\Projects\PTG\ros\python\install\Lib\site-packages\py_pubsub\ros_publisher.py
C:\Users\josh.anderson\Projects\PTG\ros\python\install\Lib\site-packages\py_pubsub\subscriber_member_function.py
C:\Users\josh.anderson\Projects\PTG\ros\python\install\Lib\site-packages\py_pubsub\__init__.py
C:\Users\josh.anderson\Projects\PTG\ros\python\install\Lib\site-packages\py_pubsub\__pycache__\publisher_member_function.cpython-38.pyc
C:\Users\josh.anderson\Projects\PTG\ros\python\install\Lib\site-packages\py_pubsub\__pycache__\ros_publisher.cpython-38.pyc
C:\Users\josh.anderson\Projects\PTG\ros\python\install\Lib\site-packages\py_pubsub\__pycache__\subscriber_member_function.cpython-38.pyc
C:\Users\josh.anderson\Projects\PTG\ros\python\install\Lib\site-packages\py_pubsub\__pycache__\__init__.cpython-38.pyc
C:\Users\josh.anderson\Projects\PTG\ros\python\install\share\ament_index\resource_index\packages\py_pubsub
C:\Users\josh.anderson\Projects\PTG\ros\python\install\share\py_pubsub\package.xml
C:\Users\josh.anderson\Projects\PTG\ros\python\install\Lib\site-packages\py_pubsub-0.0.0-py3.8.egg-info\dependency_links.txt
C:\Users\josh.anderson\Projects\PTG\ros\python\install\Lib\site-packages\py_pubsub-0.0.0-py3.8.egg-info\entry_points.txt
C:\Users\josh.anderson\Projects\PTG\ros\python\install\Lib\site-packages\py_pubsub-0.0.0-py3.8.egg-info\PKG-INFO
C:\Users\josh.anderson\Projects\PTG\ros\python\install\Lib\site-packages\py_pubsub-0.0.0-py3.8.egg-info\requires.txt
C:\Users\josh.anderson\Projects\PTG\ros\python\install\Lib\site-packages\py_pubsub-0.0.0-py3.8.egg-info\SOURCES.txt
C:\Users\josh.anderson\Projects\PTG\ros\python\install\Lib\site-packages\py_pubsub-0.0.0-py3.8.egg-info\top_level.txt
C:\Users\josh.anderson\Projects\PTG\ros\python\install\Lib\site-packages\py_pubsub-0.0.0-py3.8.egg-info\zip-safe
C:\Users\josh.anderson\Projects\PTG\ros\python\install\lib\py_pubsub\frame_publisher-script.py
C:\Users\josh.anderson\Projects\PTG\ros\python\install\lib\py_pubsub\frame_publisher.exe
C:\Users\josh.anderson\Projects\PTG\ros\python\install\lib\py_pubsub\listener-script.py
C:\Users\josh.anderson\Projects\PTG\ros\python\install\lib\py_pubsub\listener.exe
C:\Users\josh.anderson\Projects\PTG\ros\python\install\lib\py_pubsub\talker-script.py
C:\Users\josh.anderson\Projects\PTG\ros\python\install\lib\py_pubsub\talker.exe
