[2022-10-13 15:16:21,144][torch.distributed.nn.jit.instantiator][INFO] - Created a temporary directory at /tmp/tmpfgtdairp
[2022-10-13 15:16:21,144][torch.distributed.nn.jit.instantiator][INFO] - Writing /tmp/tmpfgtdairp/_remote_module_non_scriptable.py
[2022-10-13 15:16:21,277][src.utils][INFO] - Disabling python warnings! <config.ignore_warnings=True>
[2022-10-13 15:16:21,278][pytorch_lightning.utilities.seed][INFO] - Global seed set to 25
[2022-10-13 15:16:21,279][src.training_pipeline][INFO] - Instantiating datamodule <src.datamodules.ros_datamodule.ROSDataModule>
[2022-10-13 15:20:41,104][torch.distributed.nn.jit.instantiator][INFO] - Created a temporary directory at /tmp/tmpertrwajf
[2022-10-13 15:20:41,104][torch.distributed.nn.jit.instantiator][INFO] - Writing /tmp/tmpertrwajf/_remote_module_non_scriptable.py
[2022-10-13 15:20:41,234][src.utils][INFO] - Disabling python warnings! <config.ignore_warnings=True>
[2022-10-13 15:20:41,234][pytorch_lightning.utilities.seed][INFO] - Global seed set to 25
[2022-10-13 15:20:41,235][src.training_pipeline][INFO] - Instantiating datamodule <src.datamodules.ros_datamodule.ROSDataModule>
[2022-10-13 15:28:07,405][torch.distributed.nn.jit.instantiator][INFO] - Created a temporary directory at /tmp/tmpk45bohct
[2022-10-13 15:28:07,405][torch.distributed.nn.jit.instantiator][INFO] - Writing /tmp/tmpk45bohct/_remote_module_non_scriptable.py
[2022-10-13 15:28:07,524][src.utils][INFO] - Disabling python warnings! <config.ignore_warnings=True>
[2022-10-13 15:28:07,524][pytorch_lightning.utilities.seed][INFO] - Global seed set to 25
[2022-10-13 15:28:07,526][src.training_pipeline][INFO] - Instantiating datamodule <src.datamodules.ros_datamodule.ROSDataModule>
[2022-10-13 15:28:07,536][src.training_pipeline][INFO] - Instantiating model <src.models.unified_ho_module.UnifiedHOModule>
[2022-10-13 15:28:08,511][src.training_pipeline][INFO] - Instantiating callback <pytorch_lightning.callbacks.ModelCheckpoint>
[2022-10-13 15:28:08,513][src.training_pipeline][INFO] - Instantiating callback <pytorch_lightning.callbacks.EarlyStopping>
[2022-10-13 15:28:08,514][src.training_pipeline][INFO] - Instantiating callback <pytorch_lightning.callbacks.RichModelSummary>
[2022-10-13 15:28:08,514][src.training_pipeline][INFO] - Instantiating callback <pytorch_lightning.callbacks.RichProgressBar>
[2022-10-13 15:28:08,515][src.training_pipeline][INFO] - Instantiating logger <pytorch_lightning.loggers.tensorboard.TensorBoardLogger>
[2022-10-13 15:28:08,516][src.training_pipeline][INFO] - Instantiating trainer <pytorch_lightning.Trainer>
[2022-10-13 15:28:08,779][pytorch_lightning.utilities.rank_zero][INFO] - Trainer already configured with model summary callbacks: [<class 'pytorch_lightning.callbacks.rich_model_summary.RichModelSummary'>]. Skipping setting a default `ModelSummary` callback.
[2022-10-13 15:28:08,916][pytorch_lightning.utilities.rank_zero][INFO] - GPU available: True (cuda), used: True
[2022-10-13 15:28:08,917][pytorch_lightning.utilities.rank_zero][INFO] - TPU available: False, using: 0 TPU cores
[2022-10-13 15:28:08,918][pytorch_lightning.utilities.rank_zero][INFO] - IPU available: False, using: 0 IPUs
[2022-10-13 15:28:08,918][pytorch_lightning.utilities.rank_zero][INFO] - HPU available: False, using: 0 HPUs
[2022-10-13 15:28:09,041][src.training_pipeline][INFO] - Logging hyperparameters!
[2022-10-13 15:28:09,062][src.training_pipeline][INFO] - Starting training!
[2022-10-13 15:28:11,339][pytorch_lightning.accelerators.cuda][INFO] - LOCAL_RANK: 0 - CUDA_VISIBLE_DEVICES: [1]
[2022-10-13 15:32:05,777][src.training_pipeline][INFO] - Starting testing!
[2022-10-13 15:32:14,470][torch.distributed.nn.jit.instantiator][INFO] - Created a temporary directory at /tmp/tmpohnqwm78
[2022-10-13 15:32:14,470][torch.distributed.nn.jit.instantiator][INFO] - Writing /tmp/tmpohnqwm78/_remote_module_non_scriptable.py
[2022-10-13 15:32:14,592][src.utils][INFO] - Disabling python warnings! <config.ignore_warnings=True>
[2022-10-13 15:32:14,592][pytorch_lightning.utilities.seed][INFO] - Global seed set to 25
[2022-10-13 15:32:14,593][src.training_pipeline][INFO] - Instantiating datamodule <src.datamodules.ros_datamodule.ROSDataModule>
[2022-10-13 15:32:14,602][src.training_pipeline][INFO] - Instantiating model <src.models.unified_ho_module.UnifiedHOModule>
[2022-10-13 15:32:15,527][src.training_pipeline][INFO] - Instantiating callback <pytorch_lightning.callbacks.ModelCheckpoint>
[2022-10-13 15:32:15,529][src.training_pipeline][INFO] - Instantiating callback <pytorch_lightning.callbacks.EarlyStopping>
[2022-10-13 15:32:15,530][src.training_pipeline][INFO] - Instantiating callback <pytorch_lightning.callbacks.RichModelSummary>
[2022-10-13 15:32:15,530][src.training_pipeline][INFO] - Instantiating callback <pytorch_lightning.callbacks.RichProgressBar>
[2022-10-13 15:32:15,531][src.training_pipeline][INFO] - Instantiating logger <pytorch_lightning.loggers.tensorboard.TensorBoardLogger>
[2022-10-13 15:32:15,533][src.training_pipeline][INFO] - Instantiating trainer <pytorch_lightning.Trainer>
[2022-10-13 15:32:15,795][pytorch_lightning.utilities.rank_zero][INFO] - Trainer already configured with model summary callbacks: [<class 'pytorch_lightning.callbacks.rich_model_summary.RichModelSummary'>]. Skipping setting a default `ModelSummary` callback.
[2022-10-13 15:32:15,934][pytorch_lightning.utilities.rank_zero][INFO] - GPU available: True (cuda), used: True
[2022-10-13 15:32:15,934][pytorch_lightning.utilities.rank_zero][INFO] - TPU available: False, using: 0 TPU cores
[2022-10-13 15:32:15,934][pytorch_lightning.utilities.rank_zero][INFO] - IPU available: False, using: 0 IPUs
[2022-10-13 15:32:15,935][pytorch_lightning.utilities.rank_zero][INFO] - HPU available: False, using: 0 HPUs
[2022-10-13 15:32:16,064][src.training_pipeline][INFO] - Logging hyperparameters!
[2022-10-13 15:32:16,078][src.training_pipeline][INFO] - Starting training!
[2022-10-13 15:32:17,972][pytorch_lightning.accelerators.cuda][INFO] - LOCAL_RANK: 0 - CUDA_VISIBLE_DEVICES: [1]
[2022-10-13 15:34:10,051][src.training_pipeline][INFO] - Starting testing!
[2022-10-13 15:34:14,740][torch.distributed.nn.jit.instantiator][INFO] - Created a temporary directory at /tmp/tmpsegqn1b_
[2022-10-13 15:34:14,740][torch.distributed.nn.jit.instantiator][INFO] - Writing /tmp/tmpsegqn1b_/_remote_module_non_scriptable.py
[2022-10-13 15:34:14,863][src.utils][INFO] - Disabling python warnings! <config.ignore_warnings=True>
[2022-10-13 15:34:14,863][pytorch_lightning.utilities.seed][INFO] - Global seed set to 25
[2022-10-13 15:34:14,864][src.training_pipeline][INFO] - Instantiating datamodule <src.datamodules.ros_datamodule.ROSDataModule>
[2022-10-13 15:34:14,872][src.training_pipeline][INFO] - Instantiating model <src.models.unified_ho_module.UnifiedHOModule>
[2022-10-13 15:34:15,803][src.training_pipeline][INFO] - Instantiating callback <pytorch_lightning.callbacks.ModelCheckpoint>
[2022-10-13 15:34:15,805][src.training_pipeline][INFO] - Instantiating callback <pytorch_lightning.callbacks.EarlyStopping>
[2022-10-13 15:34:15,805][src.training_pipeline][INFO] - Instantiating callback <pytorch_lightning.callbacks.RichModelSummary>
[2022-10-13 15:34:15,806][src.training_pipeline][INFO] - Instantiating callback <pytorch_lightning.callbacks.RichProgressBar>
[2022-10-13 15:34:15,807][src.training_pipeline][INFO] - Instantiating logger <pytorch_lightning.loggers.tensorboard.TensorBoardLogger>
[2022-10-13 15:34:15,808][src.training_pipeline][INFO] - Instantiating trainer <pytorch_lightning.Trainer>
[2022-10-13 15:34:16,075][pytorch_lightning.utilities.rank_zero][INFO] - Trainer already configured with model summary callbacks: [<class 'pytorch_lightning.callbacks.rich_model_summary.RichModelSummary'>]. Skipping setting a default `ModelSummary` callback.
[2022-10-13 15:34:16,219][pytorch_lightning.utilities.rank_zero][INFO] - GPU available: True (cuda), used: True
[2022-10-13 15:34:16,220][pytorch_lightning.utilities.rank_zero][INFO] - TPU available: False, using: 0 TPU cores
[2022-10-13 15:34:16,220][pytorch_lightning.utilities.rank_zero][INFO] - IPU available: False, using: 0 IPUs
[2022-10-13 15:34:16,221][pytorch_lightning.utilities.rank_zero][INFO] - HPU available: False, using: 0 HPUs
[2022-10-13 15:34:16,354][src.training_pipeline][INFO] - Logging hyperparameters!
[2022-10-13 15:34:16,375][src.training_pipeline][INFO] - Starting testing!
[2022-10-13 15:34:16,756][pytorch_lightning.utilities.rank_zero][INFO] - Restoring states from the checkpoint path at /data/dawei.du/ptg-activity-recognition/activity_hydra/checkpoints/epoch_075.ckpt
[2022-10-13 15:35:05,324][torch.distributed.nn.jit.instantiator][INFO] - Created a temporary directory at /tmp/tmprbi80k3r
[2022-10-13 15:35:05,325][torch.distributed.nn.jit.instantiator][INFO] - Writing /tmp/tmprbi80k3r/_remote_module_non_scriptable.py
[2022-10-13 15:35:05,459][src.utils][INFO] - Disabling python warnings! <config.ignore_warnings=True>
[2022-10-13 15:35:05,459][pytorch_lightning.utilities.seed][INFO] - Global seed set to 25
[2022-10-13 15:35:05,460][src.training_pipeline][INFO] - Instantiating datamodule <src.datamodules.ros_datamodule.ROSDataModule>
[2022-10-13 15:37:22,219][torch.distributed.nn.jit.instantiator][INFO] - Created a temporary directory at /tmp/tmpuab3zw5m
[2022-10-13 15:37:22,219][torch.distributed.nn.jit.instantiator][INFO] - Writing /tmp/tmpuab3zw5m/_remote_module_non_scriptable.py
[2022-10-13 15:37:22,344][src.utils][INFO] - Disabling python warnings! <config.ignore_warnings=True>
[2022-10-13 15:37:22,344][pytorch_lightning.utilities.seed][INFO] - Global seed set to 25
[2022-10-13 15:37:22,346][src.training_pipeline][INFO] - Instantiating datamodule <src.datamodules.ros_datamodule.ROSDataModule>
[2022-10-13 15:39:18,506][torch.distributed.nn.jit.instantiator][INFO] - Created a temporary directory at /tmp/tmpvkywnd5y
[2022-10-13 15:39:18,506][torch.distributed.nn.jit.instantiator][INFO] - Writing /tmp/tmpvkywnd5y/_remote_module_non_scriptable.py
[2022-10-13 15:39:18,628][src.utils][INFO] - Disabling python warnings! <config.ignore_warnings=True>
[2022-10-13 15:39:18,628][pytorch_lightning.utilities.seed][INFO] - Global seed set to 25
[2022-10-13 15:39:18,629][src.training_pipeline][INFO] - Instantiating datamodule <src.datamodules.ros_datamodule.ROSDataModule>
[2022-10-13 15:43:20,282][torch.distributed.nn.jit.instantiator][INFO] - Created a temporary directory at /tmp/tmpgit4boy_
[2022-10-13 15:43:20,282][torch.distributed.nn.jit.instantiator][INFO] - Writing /tmp/tmpgit4boy_/_remote_module_non_scriptable.py
[2022-10-13 15:43:20,413][src.utils][INFO] - Disabling python warnings! <config.ignore_warnings=True>
[2022-10-13 15:43:20,413][pytorch_lightning.utilities.seed][INFO] - Global seed set to 25
[2022-10-13 15:43:20,414][src.training_pipeline][INFO] - Instantiating datamodule <src.datamodules.ros_datamodule.ROSDataModule>
[2022-10-13 15:45:01,865][torch.distributed.nn.jit.instantiator][INFO] - Created a temporary directory at /tmp/tmp55wuoaxp
[2022-10-13 15:45:01,866][torch.distributed.nn.jit.instantiator][INFO] - Writing /tmp/tmp55wuoaxp/_remote_module_non_scriptable.py
[2022-10-13 15:45:01,993][src.utils][INFO] - Disabling python warnings! <config.ignore_warnings=True>
[2022-10-13 15:45:01,994][pytorch_lightning.utilities.seed][INFO] - Global seed set to 25
[2022-10-13 15:45:01,995][src.training_pipeline][INFO] - Instantiating datamodule <src.datamodules.ros_datamodule.ROSDataModule>
[2022-10-13 15:45:46,137][torch.distributed.nn.jit.instantiator][INFO] - Created a temporary directory at /tmp/tmp3e9srby_
[2022-10-13 15:45:46,137][torch.distributed.nn.jit.instantiator][INFO] - Writing /tmp/tmp3e9srby_/_remote_module_non_scriptable.py
[2022-10-13 15:45:46,258][src.utils][INFO] - Disabling python warnings! <config.ignore_warnings=True>
[2022-10-13 15:45:46,259][pytorch_lightning.utilities.seed][INFO] - Global seed set to 25
[2022-10-13 15:45:46,260][src.training_pipeline][INFO] - Instantiating datamodule <src.datamodules.ros_datamodule.ROSDataModule>
[2022-10-13 15:46:43,894][torch.distributed.nn.jit.instantiator][INFO] - Created a temporary directory at /tmp/tmpnwqp4jlc
[2022-10-13 15:46:43,894][torch.distributed.nn.jit.instantiator][INFO] - Writing /tmp/tmpnwqp4jlc/_remote_module_non_scriptable.py
[2022-10-13 15:46:44,014][src.utils][INFO] - Disabling python warnings! <config.ignore_warnings=True>
[2022-10-13 15:46:44,014][pytorch_lightning.utilities.seed][INFO] - Global seed set to 25
[2022-10-13 15:46:44,015][src.training_pipeline][INFO] - Instantiating datamodule <src.datamodules.ros_datamodule.ROSDataModule>
[2022-10-13 15:51:06,620][torch.distributed.nn.jit.instantiator][INFO] - Created a temporary directory at /tmp/tmpkudgrf4h
[2022-10-13 15:51:06,621][torch.distributed.nn.jit.instantiator][INFO] - Writing /tmp/tmpkudgrf4h/_remote_module_non_scriptable.py
[2022-10-13 15:51:06,750][src.utils][INFO] - Disabling python warnings! <config.ignore_warnings=True>
[2022-10-13 15:51:06,750][pytorch_lightning.utilities.seed][INFO] - Global seed set to 25
[2022-10-13 15:51:06,751][src.training_pipeline][INFO] - Instantiating datamodule <src.datamodules.ros_datamodule.ROSDataModule>
[2022-10-13 15:55:23,450][torch.distributed.nn.jit.instantiator][INFO] - Created a temporary directory at /tmp/tmpbjsz_s7b
[2022-10-13 15:55:23,451][torch.distributed.nn.jit.instantiator][INFO] - Writing /tmp/tmpbjsz_s7b/_remote_module_non_scriptable.py
[2022-10-13 15:55:23,579][src.utils][INFO] - Disabling python warnings! <config.ignore_warnings=True>
[2022-10-13 15:55:23,579][pytorch_lightning.utilities.seed][INFO] - Global seed set to 25
[2022-10-13 15:55:23,580][src.training_pipeline][INFO] - Instantiating datamodule <src.datamodules.ros_datamodule.ROSDataModule>
[2022-10-13 15:56:20,651][torch.distributed.nn.jit.instantiator][INFO] - Created a temporary directory at /tmp/tmpp50plb2k
[2022-10-13 15:56:20,652][torch.distributed.nn.jit.instantiator][INFO] - Writing /tmp/tmpp50plb2k/_remote_module_non_scriptable.py
[2022-10-13 15:56:20,782][src.utils][INFO] - Disabling python warnings! <config.ignore_warnings=True>
[2022-10-13 15:56:20,782][pytorch_lightning.utilities.seed][INFO] - Global seed set to 25
[2022-10-13 15:56:20,783][src.training_pipeline][INFO] - Instantiating datamodule <src.datamodules.ros_datamodule.ROSDataModule>
[2022-10-13 15:57:06,950][torch.distributed.nn.jit.instantiator][INFO] - Created a temporary directory at /tmp/tmp1xf21mij
[2022-10-13 15:57:06,950][torch.distributed.nn.jit.instantiator][INFO] - Writing /tmp/tmp1xf21mij/_remote_module_non_scriptable.py
[2022-10-13 15:57:07,077][src.utils][INFO] - Disabling python warnings! <config.ignore_warnings=True>
[2022-10-13 15:57:07,077][pytorch_lightning.utilities.seed][INFO] - Global seed set to 25
[2022-10-13 15:57:07,078][src.training_pipeline][INFO] - Instantiating datamodule <src.datamodules.ros_datamodule.ROSDataModule>
[2022-10-13 15:57:07,087][src.training_pipeline][INFO] - Instantiating model <src.models.unified_ho_module.UnifiedHOModule>
[2022-10-13 15:57:07,610][src.training_pipeline][INFO] - Instantiating callback <pytorch_lightning.callbacks.ModelCheckpoint>
[2022-10-13 15:57:07,612][src.training_pipeline][INFO] - Instantiating callback <pytorch_lightning.callbacks.EarlyStopping>
[2022-10-13 15:57:07,612][src.training_pipeline][INFO] - Instantiating callback <pytorch_lightning.callbacks.RichModelSummary>
[2022-10-13 15:57:07,613][src.training_pipeline][INFO] - Instantiating callback <pytorch_lightning.callbacks.RichProgressBar>
[2022-10-13 15:57:07,614][src.training_pipeline][INFO] - Instantiating logger <pytorch_lightning.loggers.tensorboard.TensorBoardLogger>
[2022-10-13 15:57:07,615][src.training_pipeline][INFO] - Instantiating trainer <pytorch_lightning.Trainer>
[2022-10-13 15:57:07,870][pytorch_lightning.utilities.rank_zero][INFO] - Trainer already configured with model summary callbacks: [<class 'pytorch_lightning.callbacks.rich_model_summary.RichModelSummary'>]. Skipping setting a default `ModelSummary` callback.
[2022-10-13 15:57:08,005][pytorch_lightning.utilities.rank_zero][INFO] - GPU available: True (cuda), used: True
[2022-10-13 15:57:08,006][pytorch_lightning.utilities.rank_zero][INFO] - TPU available: False, using: 0 TPU cores
[2022-10-13 15:57:08,006][pytorch_lightning.utilities.rank_zero][INFO] - IPU available: False, using: 0 IPUs
[2022-10-13 15:57:08,006][pytorch_lightning.utilities.rank_zero][INFO] - HPU available: False, using: 0 HPUs
[2022-10-13 15:57:08,125][src.training_pipeline][INFO] - Logging hyperparameters!
[2022-10-13 15:57:08,141][src.training_pipeline][INFO] - Starting training!
[2022-10-13 15:57:10,079][pytorch_lightning.accelerators.cuda][INFO] - LOCAL_RANK: 0 - CUDA_VISIBLE_DEVICES: [1]
[2022-10-13 16:00:15,248][src.training_pipeline][INFO] - Starting testing!
